<?xml version="1.0" encoding="UTF-8"?>
<testsuite name="tourguide.TestPerformance" tests="2" skipped="2" failures="0" errors="0" timestamp="2020-06-16T15:29:46" hostname="PO712517VW7JAV" time="0.0">
  <properties/>
  <testcase name="highVolumeTrackLocation" classname="tourguide.TestPerformance" time="0.0">
    <skipped/>
  </testcase>
  <testcase name="highVolumeGetRewards" classname="tourguide.TestPerformance" time="0.0">
    <skipped/>
  </testcase>
  <system-out><![CDATA[]]></system-out>
  <system-err><![CDATA[]]></system-err>
</testsuite>
